Step 1: Getting list of tasks
URI: http://localhost:5000/tasks/1
URI: http://localhost:5000/tasks/2
URI: http://localhost:5000/tasks/3
URI: http://localhost:5000/tasks/4
URI: http://localhost:5000/tasks/9
URI: http://localhost:5000/tasks/10
URI: http://localhost:5000/tasks/11
URI: http://localhost:5000/tasks/12
URI: http://localhost:5000/tasks/13
URI: http://localhost:5000/tasks/14

Step 2: Get each task
1 New Title (New Description) True
2 Test 2 (Second test description) False
3 Watch TV (Watch Mixology to relax) False
4 Switch off your TV (and go and do something less boring instead!) False
9 Watch TV (Watch Mixology to relax) False
10 Switch off your TV (and go and do something less boring instead!) False
11 Watch TV (Watch Mixology to relax) False
12 Switch off your TV (and go and do something less boring instead!) False
13 Watch TV (Watch Mixology to relax) False
14 Switch off your TV (and go and do something less boring instead!) False

Step 3: Get task string with ID = 1
1 New Title (New Description) True

Step 4: Get task string with ID = 2
2 Test 2 (Second test description) False

Step 5: Get task list with ID = 1
{'done': True, 'description': 'New Description', 'title': 'New Title', 'id': 1}

Step 6: Get task list with ID = 2
{'done': False, 'description': 'Second test description', 'title': 'Test 2', 'id': 2}

Step 7: Add a task
{
  "task": {
    "description": "Watch Mixology to relax",
    "done": false,
    "id": 15,
    "title": "Watch TV"
  }
}
Step 8: Add a task
{
  "task": {
    "description": "and go and do something less boring instead!",
    "done": false,
    "id": 16,
    "title": "Switch off your TV"
  }
}
Step 9: Update a task
{
  "task": {
    "description": "New Description",
    "done": true,
    "id": 1,
    "title": "New Title"
  }
}
Step 10: Delete fifth task in the list
{
  "result": true
}
Program end

=================================
Sat Oct 10 12:34:54 EDT 2015


